TN:
SF:/Users/conormeldrum/lighthouse/basics/react/scheduler/scheduler/src/components/Application.js
FN:16,Application
FN:27,(anonymous_1)
FNF:2
FNH:2
FNDA:3,Application
FNDA:4,(anonymous_1)
DA:22,3
DA:24,3
DA:26,3
DA:28,4
DA:41,3
LF:5
LH:5
BRF:0
BRH:0
end_of_record
TN:
SF:/Users/conormeldrum/lighthouse/basics/react/scheduler/scheduler/src/components/Button.js
FN:7,Button
FNF:1
FNH:1
FNDA:30,Button
DA:8,30
DA:13,30
LF:2
LH:2
BRF:0
BRH:0
end_of_record
TN:
SF:/Users/conormeldrum/lighthouse/basics/react/scheduler/scheduler/src/components/DayList.js
FN:5,DayList
FN:6,(anonymous_1)
FNF:2
FNH:2
FNDA:3,DayList
FNDA:4,(anonymous_1)
DA:6,3
DA:7,4
DA:18,3
LF:3
LH:3
BRF:0
BRH:0
end_of_record
TN:
SF:/Users/conormeldrum/lighthouse/basics/react/scheduler/scheduler/src/components/DayListItem.js
FN:6,formatSpots
FN:13,DayListItem
FN:22,(anonymous_2)
FNF:3
FNH:3
FNDA:4,formatSpots
FNDA:4,DayListItem
FNDA:1,(anonymous_2)
DA:7,4
DA:8,4
DA:10,0
DA:14,4
DA:19,4
DA:22,1
LF:6
LH:5
BRDA:7,0,0,0
BRDA:7,0,1,4
BRDA:8,1,0,4
BRDA:8,1,1,0
BRF:4
BRH:2
end_of_record
TN:
SF:/Users/conormeldrum/lighthouse/basics/react/scheduler/scheduler/src/components/InterviewerList.js
FN:8,InterviewerList
FN:9,(anonymous_1)
FN:17,(anonymous_2)
FNF:3
FNH:2
FNDA:15,InterviewerList
FNDA:15,(anonymous_1)
FNDA:0,(anonymous_2)
DA:9,15
DA:10,15
DA:17,0
DA:22,15
DA:30,3
LF:5
LH:4
BRF:0
BRH:0
end_of_record
TN:
SF:/Users/conormeldrum/lighthouse/basics/react/scheduler/scheduler/src/components/InterviewerListItem.js
FN:6,InterviewerItem
FNF:1
FNH:1
FNDA:15,InterviewerItem
DA:7,15
DA:11,15
LF:2
LH:2
BRDA:18,0,0,15
BRDA:18,0,1,4
BRF:2
BRH:2
end_of_record
TN:
SF:/Users/conormeldrum/lighthouse/basics/react/scheduler/scheduler/src/components/Appointment/Confirm.js
FN:5,Confirm
FNF:1
FNH:0
FNDA:0,Confirm
DA:6,0
LF:1
LH:0
BRF:0
BRH:0
end_of_record
TN:
SF:/Users/conormeldrum/lighthouse/basics/react/scheduler/scheduler/src/components/Appointment/Empty.js
FN:3,Empty
FNF:1
FNH:1
FNDA:6,Empty
DA:4,6
LF:1
LH:1
BRF:0
BRH:0
end_of_record
TN:
SF:/Users/conormeldrum/lighthouse/basics/react/scheduler/scheduler/src/components/Appointment/Error.js
FN:3,Error
FNF:1
FNH:0
FNDA:0,Error
DA:4,0
LF:1
LH:0
BRF:0
BRH:0
end_of_record
TN:
SF:/Users/conormeldrum/lighthouse/basics/react/scheduler/scheduler/src/components/Appointment/Form.js
FN:6,Form
FN:11,reset
FN:17,cancel
FN:22,validate
FN:40,(anonymous_4)
FN:47,(anonymous_5)
FNF:6
FNH:5
FNDA:15,Form
FNDA:1,reset
FNDA:1,cancel
FNDA:5,validate
FNDA:0,(anonymous_4)
FNDA:2,(anonymous_5)
DA:7,15
DA:8,15
DA:9,15
DA:12,1
DA:13,1
DA:14,1
DA:18,1
DA:19,1
DA:23,5
DA:24,3
DA:25,3
DA:28,2
DA:29,1
DA:30,1
DA:33,1
DA:34,1
DA:37,15
DA:40,0
DA:48,2
LF:19
LH:18
BRDA:7,0,0,15
BRDA:7,0,1,12
BRDA:8,1,0,15
BRDA:8,1,1,11
BRDA:23,2,0,3
BRDA:23,2,1,2
BRDA:28,3,0,1
BRDA:28,3,1,1
BRF:8
BRH:8
end_of_record
TN:
SF:/Users/conormeldrum/lighthouse/basics/react/scheduler/scheduler/src/components/Appointment/Header.js
FN:3,Header
FNF:1
FNH:1
FNDA:8,Header
DA:4,8
LF:1
LH:1
BRF:0
BRH:0
end_of_record
TN:
SF:/Users/conormeldrum/lighthouse/basics/react/scheduler/scheduler/src/components/Appointment/Show.js
FN:3,Show
FNF:1
FNH:1
FNDA:2,Show
DA:4,2
LF:1
LH:1
BRDA:11,0,0,2
BRDA:11,0,1,2
BRF:2
BRH:2
end_of_record
TN:
SF:/Users/conormeldrum/lighthouse/basics/react/scheduler/scheduler/src/components/Appointment/Status.js
FN:3,Status
FNF:1
FNH:0
FNDA:0,Status
DA:4,0
LF:1
LH:0
BRF:0
BRH:0
end_of_record
TN:
SF:/Users/conormeldrum/lighthouse/basics/react/scheduler/scheduler/src/components/Appointment/index.js
FN:15,Appointment
FN:28,(anonymous_1)
FN:38,(anonymous_2)
FN:39,(anonymous_3)
FN:42,(anonymous_4)
FN:46,(anonymous_5)
FN:47,(anonymous_6)
FN:53,(anonymous_7)
FN:54,(anonymous_8)
FN:54,(anonymous_9)
FNF:10
FNH:1
FNDA:8,Appointment
FNDA:0,(anonymous_1)
FNDA:0,(anonymous_2)
FNDA:0,(anonymous_3)
FNDA:0,(anonymous_4)
FNDA:0,(anonymous_5)
FNDA:0,(anonymous_6)
FNDA:0,(anonymous_7)
FNDA:0,(anonymous_8)
FNDA:0,(anonymous_9)
DA:16,8
DA:17,8
DA:18,8
DA:19,8
DA:20,8
DA:21,8
DA:22,8
DA:23,8
DA:24,8
DA:26,8
DA:28,8
DA:29,0
DA:34,0
DA:36,0
DA:38,0
DA:39,0
DA:42,8
DA:43,0
DA:44,0
DA:46,0
DA:47,0
DA:50,8
DA:53,0
DA:54,0
LF:24
LH:13
BRDA:26,0,0,2
BRDA:26,0,1,6
BRDA:53,1,0,8
BRDA:53,1,1,6
BRDA:54,2,0,8
BRDA:54,2,1,2
BRDA:55,3,0,8
BRDA:55,3,1,0
BRDA:56,4,0,8
BRDA:56,4,1,0
BRDA:57,5,0,8
BRDA:57,5,1,0
BRDA:58,6,0,8
BRDA:58,6,1,0
BRDA:59,7,0,8
BRDA:59,7,1,0
BRDA:60,8,0,8
BRDA:60,8,1,0
BRDA:61,9,0,8
BRDA:61,9,1,0
BRF:20
BRH:13
end_of_record
TN:
SF:/Users/conormeldrum/lighthouse/basics/react/scheduler/scheduler/src/helpers/selectors.js
FN:1,getAppointmentsForDay
FN:2,(anonymous_1)
FN:6,(anonymous_2)
FN:9,getInterviewersForDay
FN:10,(anonymous_4)
FN:14,(anonymous_5)
FN:17,getInterview
FNF:7
FNH:7
FNDA:8,getAppointmentsForDay
FNDA:9,(anonymous_1)
FNDA:12,(anonymous_2)
FNDA:8,getInterviewersForDay
FNDA:9,(anonymous_4)
FNDA:10,(anonymous_5)
FNDA:6,getInterview
DA:2,9
DA:4,8
DA:6,12
DA:10,9
DA:12,8
DA:14,10
DA:18,6
LF:7
LH:7
BRDA:4,0,0,3
BRDA:4,0,1,5
BRDA:4,1,0,8
BRDA:4,1,1,6
BRDA:12,2,0,3
BRDA:12,2,1,5
BRDA:12,3,0,8
BRDA:12,3,1,6
BRDA:19,4,0,6
BRDA:19,4,1,3
BRF:10
BRH:10
end_of_record
TN:
SF:/Users/conormeldrum/lighthouse/basics/react/scheduler/scheduler/src/hooks/useApplicationData.js
FN:13,useApplicationData
FN:21,(anonymous_1)
FN:23,(anonymous_2)
FN:29,(anonymous_3)
FN:41,bookInterview
FN:42,(anonymous_5)
FN:51,cancelInterview
FN:52,(anonymous_7)
FNF:8
FNH:4
FNDA:3,useApplicationData
FNDA:1,(anonymous_1)
FNDA:1,(anonymous_2)
FNDA:1,(anonymous_3)
FNDA:0,bookInterview
FNDA:0,(anonymous_5)
FNDA:0,cancelInterview
FNDA:0,(anonymous_7)
DA:14,3
DA:21,3
DA:23,3
DA:24,1
DA:30,1
DA:39,3
DA:42,0
DA:43,0
DA:52,0
DA:53,0
DA:61,3
LF:11
LH:7
BRF:0
BRH:0
end_of_record
TN:
SF:/Users/conormeldrum/lighthouse/basics/react/scheduler/scheduler/src/hooks/useRealtimeUpdate.js
FN:4,useRealtimeUpdate
FN:5,(anonymous_1)
FN:8,(anonymous_2)
FN:16,(anonymous_3)
FNF:4
FNH:3
FNDA:3,useRealtimeUpdate
FNDA:1,(anonymous_1)
FNDA:0,(anonymous_2)
FNDA:1,(anonymous_3)
DA:5,3
DA:6,1
DA:8,1
DA:9,0
DA:11,0
DA:12,0
DA:16,1
DA:17,1
LF:8
LH:5
BRDA:11,0,0,0
BRDA:11,0,1,0
BRDA:11,1,0,0
BRDA:11,1,1,0
BRF:4
BRH:0
end_of_record
TN:
SF:/Users/conormeldrum/lighthouse/basics/react/scheduler/scheduler/src/hooks/useVisualMode.js
FN:3,(anonymous_0)
FN:7,(anonymous_1)
FN:8,(anonymous_2)
FN:14,(anonymous_3)
FN:16,(anonymous_4)
FNF:5
FNH:5
FNDA:21,(anonymous_0)
FNDA:5,(anonymous_1)
FNDA:5,(anonymous_2)
FNDA:4,(anonymous_3)
FNDA:3,(anonymous_4)
DA:3,3
DA:4,21
DA:5,21
DA:7,21
DA:8,5
DA:9,5
DA:10,5
DA:14,21
DA:15,4
DA:16,3
DA:20,21
LF:11
LH:11
BRDA:7,0,0,4
BRDA:9,1,0,1
BRDA:9,1,1,4
BRDA:15,2,0,3
BRDA:15,2,1,1
BRF:5
BRH:5
end_of_record
TN:
SF:/Users/conormeldrum/lighthouse/basics/react/scheduler/scheduler/src/reducers/application.js
FN:5,reducer
FN:27,(anonymous_1)
FN:30,(anonymous_2)
FN:34,(anonymous_3)
FNF:4
FNH:1
FNDA:3,reducer
FNDA:0,(anonymous_1)
FNDA:0,(anonymous_2)
FNDA:0,(anonymous_3)
DA:1,2
DA:2,2
DA:3,2
DA:6,3
DA:8,1
DA:10,1
DA:17,0
DA:22,0
DA:27,0
DA:28,0
DA:30,0
DA:34,0
DA:35,0
DA:43,0
DA:50,1
LF:15
LH:7
BRDA:6,0,0,1
BRDA:6,0,1,1
BRDA:6,0,2,0
BRDA:6,0,3,1
BRDA:19,1,0,0
BRDA:19,1,1,0
BRDA:30,2,0,0
BRDA:30,2,1,0
BRDA:35,3,0,0
BRDA:35,3,1,0
BRF:10
BRH:3
end_of_record
